Arguments: 
  /usr/local/bin/node /home/pouria/.yarn/bin/yarn.js

PATH: 
  /home/pouria/.yarn/bin:/home/pouria/.config/yarn/global/node_modules/.bin:/home/pouria/.yarn/bin:/home/pouria/.config/yarn/global/node_modules/.bin:/home/pouria/.local/bin:/usr/local/sbin:/usr/local/bin:/usr/sbin:/usr/bin:/sbin:/bin:/usr/games:/usr/local/games:/snap/bin:/home/pouria/bin:/usr/lib/jvm/jdk-16.0.1/bin

Yarn version: 
  1.22.15

Node version: 
  14.17.0

Platform: 
  linux x64

Trace: 
  Error: getaddrinfo EAI_AGAIN registry.yarnpkg.com
      at GetAddrInfoReqWrap.onlookup [as oncomplete] (dns.js:67:26)

npm manifest: 
  {
    "name": "formaloo-chatbot",
    "version": "0.1.0",
    "private": true,
    "dependencies": {
      "@testing-library/jest-dom": "^5.16.4",
      "@testing-library/react": "^12.1.4",
      "@testing-library/user-event": "^13.5.0",
      "@types/jest": "^27.4.1",
      "@types/node": "^16.11.26",
      "@types/react": "^17.0.44",
      "conversational-form": "^1.0.2",
      "react": "^18.0.0",
      "react-dom": "^18.0.0",
      "react-scripts": "5.0.0",
      "typescript": "^4.6.3",
      "web-vitals": "^2.1.4"
    },
    "scripts": {
      "start": "react-scripts start",
      "build": "react-scripts build",
      "test": "react-scripts test",
      "eject": "react-scripts eject"
    },
    "eslintConfig": {
      "extends": [
        "react-app",
        "react-app/jest"
      ]
    },
    "browserslist": {
      "production": [
        ">0.2%",
        "not dead",
        "not op_mini all"
      ],
      "development": [
        "last 1 chrome version",
        "last 1 firefox version",
        "last 1 safari version"
      ]
    },
    "devDependencies": {
      "@types/react-dom": "^18.0.0"
    }
  }

yarn manifest: 
  No manifest

Lockfile: 
  No lockfile
